<?xml version="1.0" encoding="UTF-8"?>
<testng-results skipped="0" failed="0" ignored="0" total="1" passed="1">
  <reporter-output>
  </reporter-output>
  <suite name="Suite" duration-ms="2114" started-at="2020-07-24T08:14:32Z" finished-at="2020-07-24T08:14:34Z">
    <groups>
    </groups>
    <test name="Test" duration-ms="2114" started-at="2020-07-24T08:14:32Z" finished-at="2020-07-24T08:14:34Z">
      <class name="SpiceJet.SpiceJet.Test1">
        <test-method status="PASS" signature="Excel()[pri:0, instance:SpiceJet.SpiceJet.Test1@1ed4004b]" name="Excel" duration-ms="2079" started-at="2020-07-24T13:44:32Z" finished-at="2020-07-24T13:44:34Z">
          <reporter-output>
          </reporter-output>
        </test-method> <!-- Excel -->
      </class> <!-- SpiceJet.SpiceJet.Test1 -->
    </test> <!-- Test -->
  </suite> <!-- Suite -->
</testng-results>
